0 info it worked if it ends with ok
1 verbose cli [ 'c:\\Program Files (x86)\\nodejs\\node.exe',
1 verbose cli   'c:\\Program Files (x86)\\nodejs\\node_modules\\npm\\bin\\npm-cli.js',
1 verbose cli   'install',
1 verbose cli   'express' ]
2 info using npm@1.3.21
3 info using node@v0.10.24
4 verbose cache add [ 'express', null ]
5 verbose cache add name=undefined spec="express" args=["express",null]
6 verbose parsed url { protocol: null,
6 verbose parsed url   slashes: null,
6 verbose parsed url   auth: null,
6 verbose parsed url   host: null,
6 verbose parsed url   port: null,
6 verbose parsed url   hostname: null,
6 verbose parsed url   hash: null,
6 verbose parsed url   search: null,
6 verbose parsed url   query: null,
6 verbose parsed url   pathname: 'express',
6 verbose parsed url   path: 'express',
6 verbose parsed url   href: 'express' }
7 silly lockFile f3c62de4-express express
8 verbose lock express C:\Users\A569876\AppData\Roaming\npm-cache\f3c62de4-express.lock
9 silly lockFile f3c62de4-express express
10 silly lockFile f3c62de4-express express
11 verbose addNamed [ 'express', '' ]
12 verbose addNamed [ null, '*' ]
13 silly lockFile 64a534c1-express express@
14 verbose lock express@ C:\Users\A569876\AppData\Roaming\npm-cache\64a534c1-express.lock
15 silly addNameRange { name: 'express', range: '*', hasData: false }
16 verbose url raw express
17 verbose url resolving [ 'https://registry.npmjs.org/', './express' ]
18 verbose url resolved https://registry.npmjs.org/express
19 info trying registry request attempt 1 at 12:02:48
20 http GET https://registry.npmjs.org/express
21 info retry will retry, error on last attempt: Error: connect ETIMEDOUT
22 info trying registry request attempt 2 at 12:03:19
23 http GET https://registry.npmjs.org/express
24 info retry will retry, error on last attempt: Error: connect ETIMEDOUT
25 info trying registry request attempt 3 at 12:04:41
26 http GET https://registry.npmjs.org/express
27 silly lockFile 64a534c1-express express@
28 silly lockFile 64a534c1-express express@
29 error network connect ETIMEDOUT
29 error network This is most likely not a problem with npm itself
29 error network and is related to network connectivity.
29 error network In most cases you are behind a proxy or have bad network settings.
29 error network
29 error network If you are behind a proxy, please make sure that the
29 error network 'proxy' config is set properly.  See: 'npm help config'
30 error System Windows_NT 6.1.7601
31 error command "c:\\Program Files (x86)\\nodejs\\node.exe" "c:\\Program Files (x86)\\nodejs\\node_modules\\npm\\bin\\npm-cli.js" "install" "express"
32 error cwd c:\atos\trello
33 error node -v v0.10.24
34 error npm -v 1.3.21
35 error syscall connect
36 error code ETIMEDOUT
37 error errno ETIMEDOUT
38 verbose exit [ 1, true ]
